<?xml version="1.0" encoding="UTF-8"?>
<!-- Generated by org.testng.reporters.JUnitReportReporter -->
<testsuite hostname="NaveenRavi" name="testCases.VerifyHomeLoginPage" tests="1" failures="0" timestamp="27 Jun 2016 19:12:23 GMT" time="1.165" errors="0">
  <testcase name="testLogin" time="1.165" classname="testCases.VerifyHomeLoginPage"/>
</testsuite> <!-- testCases.VerifyHomeLoginPage -->
